<?xml version="1.0" encoding="UTF-8"?>
<!-- Generated by org.testng.reporters.JUnitXMLReporter -->
<testsuite ignored="0" hostname="karima-hp" failures="1" tests="3" name="Test" time="0.084" errors="0" timestamp="2023-03-11T23:31:12 EST">
  <testcase classname="ListenersandExtentReports.MyTest" name="test1" time="0.01"/>
  <testcase classname="ListenersandExtentReports.MyTest" name="test2" time="0.013">
    <failure type="java.lang.AssertionError" message="expected [B] but found [A]">
      <![CDATA[java.lang.AssertionError: expected [B] but found [A]
at ListenersandExtentReports.MyTest.test2(MyTest.java:18)
at java.base/java.util.ArrayList.forEach(ArrayList.java:1511)
... Removed 33 stack frames]]>
    </failure>
  </testcase> <!-- test2 -->
  <testcase classname="ListenersandExtentReports.MyTest" name="test3" time="0.0">
    <skipped/>
  </testcase> <!-- test3 -->
</testsuite> <!-- Test -->
