<?xml version="1.0" encoding="UTF-8"?>
<!-- Generated by org.testng.reporters.JUnitXMLReporter -->
<testsuite ignored="6" hostname="karima-hp" failures="0" tests="3" name="my tests" time="0.093" errors="0" timestamp="2023-03-11T14:46:35 EST">
  <testcase classname="dataproviderandgrouping.Grouping" name="loginByFacebook" time="0.016"/>
  <testcase classname="dataproviderandgrouping.Grouping" name="loginByTwitter" time="0.001"/>
  <testcase classname="dataproviderandgrouping.Grouping" name="payementinruppees" time="0.001"/>
  <testcase classname="dataproviderandgrouping.Grouping" name="loginByEmail" time="0.0">
    <ignored/>
  </testcase> <!-- loginByEmail -->
  <testcase classname="dataproviderandgrouping.Grouping" name="payementreturnbyBank" time="0.0">
    <ignored/>
  </testcase> <!-- payementreturnbyBank -->
  <testcase classname="dataproviderandgrouping.Grouping" name="Signupbyemail" time="0.0">
    <ignored/>
  </testcase> <!-- Signupbyemail -->
  <testcase classname="dataproviderandgrouping.Grouping" name="signupbytwitter" time="0.0">
    <ignored/>
  </testcase> <!-- signupbytwitter -->
  <testcase classname="dataproviderandgrouping.Grouping" name="signupbyfacebook" time="0.0">
    <ignored/>
  </testcase> <!-- signupbyfacebook -->
  <testcase classname="dataproviderandgrouping.Grouping" name="payementindollar" time="0.0">
    <ignored/>
  </testcase> <!-- payementindollar -->
</testsuite> <!-- my tests -->
