<?xml version="1.0" encoding="UTF-8"?>
<testng-results ignored="0" total="1" passed="1" failed="0" skipped="0">
  <reporter-output>
  </reporter-output>
  <suite started-at="2023-03-08T23:16:38 EST" name="Default suite" finished-at="2023-03-08T23:16:43 EST" duration-ms="4431">
    <groups>
    </groups>
    <test started-at="2023-03-08T23:16:38 EST" name="Default test" finished-at="2023-03-08T23:16:43 EST" duration-ms="4431">
      <class name="mentoring_practice.Amazon">
        <test-method is-config="true" signature="openWebSite()[pri:0, instance:mentoring_practice.Amazon@740cae06]" started-at="2023-03-08T23:16:38 EST" name="openWebSite" finished-at="2023-03-08T23:16:42 EST" duration-ms="4170" status="PASS">
          <reporter-output>
          </reporter-output>
        </test-method> <!-- openWebSite -->
        <test-method signature="amazonTest()[pri:0, instance:mentoring_practice.Amazon@740cae06]" started-at="2023-03-08T23:16:42 EST" name="amazonTest" finished-at="2023-03-08T23:16:42 EST" duration-ms="5" status="PASS">
          <reporter-output>
          </reporter-output>
        </test-method> <!-- amazonTest -->
        <test-method is-config="true" signature="tearDown()[pri:0, instance:mentoring_practice.Amazon@740cae06]" started-at="2023-03-08T23:16:42 EST" name="tearDown" finished-at="2023-03-08T23:16:43 EST" duration-ms="202" status="PASS">
          <reporter-output>
          </reporter-output>
        </test-method> <!-- tearDown -->
      </class> <!-- mentoring_practice.Amazon -->
    </test> <!-- Default test -->
  </suite> <!-- Default suite -->
</testng-results>
